<?xml version="1.0" encoding="UTF-8"?>
<!-- Generated by org.testng.reporters.JUnitReportReporter -->
<testsuite skipped="0" hostname="Brij-SNH" name="pkg1.TestClass2" tests="1" failures="0" timestamp="2020-07-15T16:05:43 IST" time="2.337" errors="0">
  <testcase name="getListOfUsers2" time="2.337" classname="pkg1.TestClass2"/>
  <system-out/>
</testsuite> <!-- pkg1.TestClass2 -->
