<?xml version="1.0" encoding="UTF-8"?>
<!-- Generated by org.testng.reporters.JUnitReportReporter -->
<testsuite skipped="0" hostname="Brij-SNH" name="pkg1.TestClass2" tests="4" failures="0" timestamp="2020-07-16T17:20:56 IST" time="2.597" errors="0">
  <testcase name="getListOfUsers" time="1.510" classname="pkg1.TestClass2"/>
  <system-out/>
  <testcase name="getListOfUsers3" time="0.662" classname="pkg1.TestClass2"/>
  <system-out/>
  <testcase name="getListOfUsers2" time="0.241" classname="pkg1.TestClass2"/>
  <system-out/>
  <testcase name="getListOfUsers1" time="0.184" classname="pkg1.TestClass2"/>
  <system-out/>
</testsuite> <!-- pkg1.TestClass2 -->
