<?xml version="1.0" encoding="UTF-8"?>
<!-- Generated by org.testng.reporters.JUnitReportReporter -->
<testsuite skipped="0" hostname="Brij-SNH" name="pkg1.ParametersTest" tests="6" failures="0" timestamp="2020-07-16T17:22:46 IST" time="2.220" errors="0">
  <testcase name="getSingleUser" time="0.190" classname="pkg1.ParametersTest"/>
  <system-out/>
  <testcase name="getListOfUsers" time="0.169" classname="pkg1.ParametersTest"/>
  <system-out/>
  <testcase name="getSingleUser" time="0.204" classname="pkg1.ParametersTest"/>
  <system-out/>
  <testcase name="getListOfUsers" time="0.162" classname="pkg1.ParametersTest"/>
  <system-out/>
  <testcase name="getListOfUsers" time="1.342" classname="pkg1.ParametersTest"/>
  <system-out/>
  <testcase name="getSingleUser" time="0.153" classname="pkg1.ParametersTest"/>
  <system-out/>
</testsuite> <!-- pkg1.ParametersTest -->
