<?xml version="1.0" encoding="UTF-8"?>
<!-- Generated by org.testng.reporters.JUnitReportReporter -->
<testsuite skipped="1" hostname="Brij-SNH" name="pkg1.PostTest" tests="2" failures="0" timestamp="2020-07-17T14:23:29 IST" time="3.044" errors="0">
  <testcase name="postBodyUsingJsonObject" time="3.044" classname="pkg1.PostTest"/>
  <system-out/>
  <testcase name="getListOfUsers" classname="pkg1.PostTest">
    <skipped/>
  </testcase> <!-- getListOfUsers -->
  <system-out/>
</testsuite> <!-- pkg1.PostTest -->
