<?xml version="1.0" encoding="UTF-8"?>
<!-- Generated by org.testng.reporters.JUnitReportReporter -->
<testsuite skipped="0" hostname="Brij-SNH" name="pkg1.ParametersTest2" tests="1" failures="0" timestamp="2020-07-16T17:22:34 IST" time="2.136" errors="0">
  <testcase name="getListOfUsers" time="2.136" classname="pkg1.ParametersTest2"/>
  <system-out/>
</testsuite> <!-- pkg1.ParametersTest2 -->
