<?xml version="1.0" encoding="UTF-8"?>
<!-- Generated by org.testng.reporters.JUnitReportReporter -->
<testsuite skipped="0" hostname="Brij-SNH" name="pkg1.TestClass1" tests="2" failures="0" timestamp="2020-07-16T17:21:06 IST" time="1.565" errors="0">
  <testcase name="getListOfUsers" time="1.378" classname="pkg1.TestClass1"/>
  <system-out/>
  <testcase name="getListOfUsers1" time="0.187" classname="pkg1.TestClass1"/>
  <system-out/>
</testsuite> <!-- pkg1.TestClass1 -->
