<?xml version="1.0" encoding="UTF-8"?>
<!-- Generated by org.testng.reporters.JUnitReportReporter -->
<testsuite skipped="0" hostname="Brij-SNH" name="pkg1.TestClass3" tests="1" failures="0" timestamp="2020-07-17T15:44:01 IST" time="2.711" errors="0">
  <testcase name="readDataFropProp" time="2.711" classname="pkg1.TestClass3"/>
  <system-out/>
</testsuite> <!-- pkg1.TestClass3 -->
