<?xml version="1.0" encoding="UTF-8"?>
<!-- Generated by org.testng.reporters.JUnitReportReporter -->
<testsuite skipped="0" hostname="Brij-SNH" name="pkg1.PathScenarios" tests="1" failures="0" timestamp="2020-07-20T20:00:31 IST" time="2.630" errors="0">
  <testcase name="jsonplaceholderCommentVerification" time="2.630" classname="pkg1.PathScenarios"/>
  <system-out/>
</testsuite> <!-- pkg1.PathScenarios -->
