<?xml version="1.0" encoding="UTF-8"?>
<!-- Generated by org.testng.reporters.JUnitReportReporter -->
<testsuite skipped="0" hostname="Brij-SNH" name="pkg1.TestClass3" tests="6" failures="0" timestamp="2020-07-16T17:20:42 IST" time="2.990" errors="0">
  <testcase name="getListOfUsers" time="1.425" classname="pkg1.TestClass3"/>
  <system-out/>
  <testcase name="getListOfUsers3" time="0.709" classname="pkg1.TestClass3"/>
  <system-out/>
  <testcase name="validateEmailOfData3" time="0.266" classname="pkg1.TestClass3"/>
  <system-out/>
  <testcase name="getListOfUsers2" time="0.231" classname="pkg1.TestClass3"/>
  <system-out/>
  <testcase name="validateResponseHeaderServer" time="0.177" classname="pkg1.TestClass3"/>
  <system-out/>
  <testcase name="getListOfUsers1" time="0.182" classname="pkg1.TestClass3"/>
  <system-out/>
</testsuite> <!-- pkg1.TestClass3 -->
