<?xml version="1.0" encoding="UTF-8"?>
<!-- Generated by org.testng.reporters.JUnitReportReporter -->
<testsuite skipped="0" hostname="Brij-SNH" name="pkg1.PostTest" tests="6" failures="0" timestamp="2020-07-16T17:22:21 IST" time="3.205" errors="0">
  <testcase name="getListOfUsers1" time="0.243" classname="pkg1.PostTest"/>
  <system-out/>
  <testcase name="getListOfUsers3" time="0.552" classname="pkg1.PostTest"/>
  <system-out/>
  <testcase name="validateResponseHeaderServer" time="0.163" classname="pkg1.PostTest"/>
  <system-out/>
  <testcase name="getListOfUsers2" time="0.144" classname="pkg1.PostTest"/>
  <system-out/>
  <testcase name="validateEmailOfData3" time="0.304" classname="pkg1.PostTest"/>
  <system-out/>
  <testcase name="getListOfUsers" time="1.799" classname="pkg1.PostTest"/>
  <system-out/>
</testsuite> <!-- pkg1.PostTest -->
