<?xml version="1.0" encoding="UTF-8"?>
<!-- Generated by org.testng.reporters.JUnitReportReporter -->
<testsuite skipped="0" hostname="Brij-SNH" name="pkg1.TestClass1" tests="2" failures="0" timestamp="2020-07-15T15:34:38 IST" time="3.246" errors="0">
  <testcase name="getListOfUsers1" time="0.802" classname="pkg1.TestClass1"/>
  <system-out/>
  <testcase name="getListOfUsers" time="2.444" classname="pkg1.TestClass1"/>
  <system-out/>
</testsuite> <!-- pkg1.TestClass1 -->
